<?xml version="1.0" encoding="UTF-8"?>
<testsuite xmlns:xsi="http://www.w3.org/2001/XMLSchema-instance" xsi:noNamespaceSchemaLocation="https://maven.apache.org/surefire/maven-surefire-plugin/xsd/surefire-test-report-3.0.xsd" version="3.0" name="com.school.emotion.service.EmotionAggregationServiceTest" time="0.352" tests="4" errors="0" skipped="0" failures="0">
  <properties>
[...]
</properties>
  <testcase name="aggregate_shouldPublishEvent" classname="com.school.emotion.service.EmotionAggregationServiceTest" time="0.326"/>
  <testcase name="aggregate_shouldCalculateRatios" classname="com.school.emotion.service.EmotionAggregationServiceTest" time="0.007"/>
  <testcase name="aggregate_shouldSkipWhenNoRecords" classname="com.school.emotion.service.EmotionAggregationServiceTest" time="0.004"/>
  <testcase name="aggregate_shouldUpdateExistingInsteadOfCreating" classname="com.school.emotion.service.EmotionAggregationServiceTest" time="0.006"/>
</testsuite>